# JRE version: OpenJDK Runtime Environment Temurin-17.0.11+9 (17.0.11+9) (build 17.0.11+9)
# Java VM: OpenJDK 64-Bit Server VM Temurin-17.0.11+9 (17.0.11+9, mixed mode, emulated-client, tiered, compressed oops, compressed class ptrs, g1 gc, windows-amd64)
GC Precious Log:
 CPUs: 8 total, 8 available
 Memory: 7834M
 Large Page Support: Disabled
 NUMA Support: Disabled
 Compressed Oops: Enabled (32-bit)
 Heap Region Size: 1M
 Heap Min Capacity: 8M
 Heap Initial Capacity: 124M
 Heap Max Capacity: 1960M
 Pre-touch: Disabled
 Parallel Workers: 8
 Concurrent Workers: 2
 Concurrent Refinement Workers: 8
 Periodic GC: Disabled
Heap:
 garbage-first heap   total 49152K, used 22791K [0x0000000085800000, 0x0000000100000000)
  region size 1024K, 3 young (3072K), 3 survivors (3072K)
 Metaspace       used 46712K, committed 47104K, reserved 1114112K
  class space    used 6264K, committed 6464K, reserved 1048576K
GC Heap History (20 events):
Event: 1.703 GC heap after
{Heap after GC invocations=3 (full 0):
 garbage-first heap   total 126976K, used 9860K [0x0000000085800000, 0x0000000100000000)
  region size 1024K, 3 young (3072K), 3 survivors (3072K)
 Metaspace       used 21181K, committed 21504K, reserved 1114112K
  class space    used 2520K, committed 2688K, reserved 1048576K
}
Event: 2.098 GC heap before
{Heap before GC invocations=4 (full 0):
 garbage-first heap   total 40960K, used 28292K [0x0000000085800000, 0x0000000100000000)
  region size 1024K, 23 young (23552K), 3 survivors (3072K)
 Metaspace       used 25881K, committed 26176K, reserved 1114112K
  class space    used 3124K, committed 3264K, reserved 1048576K
}
Event: 2.102 GC heap after
{Heap after GC invocations=5 (full 0):
 garbage-first heap   total 40960K, used 10624K [0x0000000085800000, 0x0000000100000000)
  region size 1024K, 3 young (3072K), 3 survivors (3072K)
 Metaspace       used 25881K, committed 26176K, reserved 1114112K
  class space    used 3124K, committed 3264K, reserved 1048576K
}
Event: 4.797 GC heap before
{Heap before GC invocations=5 (full 0):
 garbage-first heap   total 40960K, used 27008K [0x0000000085800000, 0x0000000100000000)
  region size 1024K, 20 young (20480K), 3 survivors (3072K)
 Metaspace       used 28678K, committed 28992K, reserved 1114112K
  class space    used 3431K, committed 3584K, reserved 1048576K
}
Event: 4.800 GC heap after
{Heap after GC invocations=6 (full 0):
 garbage-first heap   total 40960K, used 12313K [0x0000000085800000, 0x0000000100000000)
  region size 1024K, 3 young (3072K), 3 survivors (3072K)
 Metaspace       used 28678K, committed 28992K, reserved 1114112K
  class space    used 3431K, committed 3584K, reserved 1048576K
}
Event: 5.052 GC heap before
{Heap before GC invocations=6 (full 0):
 garbage-first heap   total 40960K, used 28697K [0x0000000085800000, 0x0000000100000000)
  region size 1024K, 19 young (19456K), 3 survivors (3072K)
 Metaspace       used 29475K, committed 29760K, reserved 1114112K
  class space    used 3572K, committed 3712K, reserved 1048576K
}
Event: 5.056 GC heap after
{Heap after GC invocations=7 (full 0):
 garbage-first heap   total 40960K, used 13715K [0x0000000085800000, 0x0000000100000000)
  region size 1024K, 2 young (2048K), 2 survivors (2048K)
 Metaspace       used 29475K, committed 29760K, reserved 1114112K
  class space    used 3572K, committed 3712K, reserved 1048576K
}
Event: 5.272 GC heap before
{Heap before GC invocations=7 (full 0):
 garbage-first heap   total 40960K, used 29075K [0x0000000085800000, 0x0000000100000000)
  region size 1024K, 17 young (17408K), 2 survivors (2048K)
 Metaspace       used 30656K, committed 30976K, reserved 1114112K
  class space    used 3749K, committed 3904K, reserved 1048576K
}
Event: 5.276 GC heap after
{Heap after GC invocations=8 (full 0):
 garbage-first heap   total 49152K, used 14692K [0x0000000085800000, 0x0000000100000000)
  region size 1024K, 3 young (3072K), 3 survivors (3072K)
 Metaspace       used 30656K, committed 30976K, reserved 1114112K
  class space    used 3749K, committed 3904K, reserved 1048576K
}
Event: 5.672 GC heap before
{Heap before GC invocations=8 (full 0):
 garbage-first heap   total 49152K, used 35172K [0x0000000085800000, 0x0000000100000000)
  region size 1024K, 23 young (23552K), 3 survivors (3072K)
 Metaspace       used 33201K, committed 33600K, reserved 1114112K
  class space    used 4199K, committed 4352K, reserved 1048576K
}
Event: 5.677 GC heap after
{Heap after GC invocations=9 (full 0):
 garbage-first heap   total 49152K, used 15978K [0x0000000085800000, 0x0000000100000000)
  region size 1024K, 3 young (3072K), 3 survivors (3072K)
 Metaspace       used 33201K, committed 33600K, reserved 1114112K
  class space    used 4199K, committed 4352K, reserved 1048576K
}
Event: 8.540 GC heap before
{Heap before GC invocations=9 (full 0):
 garbage-first heap   total 49152K, used 36458K [0x0000000085800000, 0x0000000100000000)
  region size 1024K, 23 young (23552K), 3 survivors (3072K)
 Metaspace       used 35577K, committed 35904K, reserved 1114112K
  class space    used 4593K, committed 4736K, reserved 1048576K
}
Event: 8.548 GC heap after
{Heap after GC invocations=10 (full 0):
 garbage-first heap   total 49152K, used 17761K [0x0000000085800000, 0x0000000100000000)
  region size 1024K, 3 young (3072K), 3 survivors (3072K)
 Metaspace       used 35577K, committed 35904K, reserved 1114112K
  class space    used 4593K, committed 4736K, reserved 1048576K
}
Event: 8.576 GC heap before
{Heap before GC invocations=10 (full 0):
 garbage-first heap   total 49152K, used 18785K [0x0000000085800000, 0x0000000100000000)
  region size 1024K, 5 young (5120K), 3 survivors (3072K)
 Metaspace       used 35814K, committed 36160K, reserved 1114112K
  class space    used 4618K, committed 4800K, reserved 1048576K
}
Event: 8.581 GC heap after
{Heap after GC invocations=11 (full 0):
 garbage-first heap   total 49152K, used 18366K [0x0000000085800000, 0x0000000100000000)
  region size 1024K, 1 young (1024K), 1 survivors (1024K)
 Metaspace       used 35814K, committed 36160K, reserved 1114112K
  class space    used 4618K, committed 4800K, reserved 1048576K
}
Event: 8.911 GC heap before
{Heap before GC invocations=12 (full 0):
 garbage-first heap   total 49152K, used 37822K [0x0000000085800000, 0x0000000100000000)
  region size 1024K, 20 young (20480K), 1 survivors (1024K)
 Metaspace       used 40043K, committed 40448K, reserved 1114112K
  class space    used 5260K, committed 5440K, reserved 1048576K
}
Event: 8.915 GC heap after
{Heap after GC invocations=13 (full 0):
 garbage-first heap   total 49152K, used 19645K [0x0000000085800000, 0x0000000100000000)
  region size 1024K, 2 young (2048K), 2 survivors (2048K)
 Metaspace       used 40043K, committed 40448K, reserved 1114112K
  class space    used 5260K, committed 5440K, reserved 1048576K
}
Event: 9.198 GC heap before
{Heap before GC invocations=13 (full 0):
 garbage-first heap   total 49152K, used 37053K [0x0000000085800000, 0x0000000100000000)
  region size 1024K, 20 young (20480K), 2 survivors (2048K)
 Metaspace       used 44224K, committed 44672K, reserved 1114112K
  class space    used 5875K, committed 6080K, reserved 1048576K
}
Event: 9.201 GC heap after
{Heap after GC invocations=14 (full 0):
 garbage-first heap   total 49152K, used 21251K [0x0000000085800000, 0x0000000100000000)
  region size 1024K, 2 young (2048K), 2 survivors (2048K)
 Metaspace       used 44224K, committed 44672K, reserved 1114112K
  class space    used 5875K, committed 6080K, reserved 1048576K
}
Event: 9.405 GC heap before
{Heap before GC invocations=14 (full 0):
 garbage-first heap   total 49152K, used 37635K [0x0000000085800000, 0x0000000100000000)
  region size 1024K, 18 young (18432K), 2 survivors (2048K)
 Metaspace       used 46712K, committed 47104K, reserved 1114112K
  class space    used 6264K, committed 6464K, reserved 1048576K
}

